CRITICAL - 2024-12-02 12:44:16 --> Error: Class "App\Models\PlayerModel" not found
[Method: GET, Route: player]
in APPPATH\Controllers\Player.php on line 11.
 1 SYSTEMPATH\CodeIgniter.php(933): App\Controllers\Player->index()
 2 SYSTEMPATH\CodeIgniter.php(509): CodeIgniter\CodeIgniter->runController(Object(App\Controllers\Player))
 3 SYSTEMPATH\CodeIgniter.php(355): CodeIgniter\CodeIgniter->handleRequest(null, Object(Config\Cache), false)
 4 SYSTEMPATH\Boot.php(325): CodeIgniter\CodeIgniter->run()
 5 SYSTEMPATH\Boot.php(67): CodeIgniter\Boot::runCodeIgniter(Object(CodeIgniter\CodeIgniter))
 6 FCPATH\index.php(56): CodeIgniter\Boot::bootWeb(Object(Config\Paths))
 7 SYSTEMPATH\rewrite.php(44): require_once('C:\\Users\\Mahesa\\Documents\\transfer player\\public\\index.php')
CRITICAL - 2024-12-02 12:46:32 --> Error: Class "App\Models\TeamModel" not found
[Method: GET, Route: team]
in APPPATH\Controllers\Team.php on line 11.
 1 SYSTEMPATH\CodeIgniter.php(933): App\Controllers\Team->index()
 2 SYSTEMPATH\CodeIgniter.php(509): CodeIgniter\CodeIgniter->runController(Object(App\Controllers\Team))
 3 SYSTEMPATH\CodeIgniter.php(355): CodeIgniter\CodeIgniter->handleRequest(null, Object(Config\Cache), false)
 4 SYSTEMPATH\Boot.php(325): CodeIgniter\CodeIgniter->run()
 5 SYSTEMPATH\Boot.php(67): CodeIgniter\Boot::runCodeIgniter(Object(CodeIgniter\CodeIgniter))
 6 FCPATH\index.php(56): CodeIgniter\Boot::bootWeb(Object(Config\Paths))
 7 SYSTEMPATH\rewrite.php(44): require_once('C:\\Users\\Mahesa\\Documents\\transfer player\\public\\index.php')
CRITICAL - 2024-12-02 12:49:59 --> Error: Class "App\Models\AgentModel" not found
[Method: GET, Route: agent]
in APPPATH\Controllers\Agent.php on line 11.
 1 SYSTEMPATH\CodeIgniter.php(933): App\Controllers\Agent->index()
 2 SYSTEMPATH\CodeIgniter.php(509): CodeIgniter\CodeIgniter->runController(Object(App\Controllers\Agent))
 3 SYSTEMPATH\CodeIgniter.php(355): CodeIgniter\CodeIgniter->handleRequest(null, Object(Config\Cache), false)
 4 SYSTEMPATH\Boot.php(325): CodeIgniter\CodeIgniter->run()
 5 SYSTEMPATH\Boot.php(67): CodeIgniter\Boot::runCodeIgniter(Object(CodeIgniter\CodeIgniter))
 6 FCPATH\index.php(56): CodeIgniter\Boot::bootWeb(Object(Config\Paths))
 7 SYSTEMPATH\rewrite.php(44): require_once('C:\\Users\\Mahesa\\Documents\\transfer player\\public\\index.php')
